current directory: /Users/ryogomacbookpro/Developer/Works/PinE/management/.bundle/ruby/3.1.0/gems/io-console-0.7.1/ext/io/console
/Users/ryogomacbookpro/.anyenv/envs/rbenv/versions/3.1.0/bin/ruby -I /Users/ryogomacbookpro/.anyenv/envs/rbenv/versions/3.1.0/lib/ruby/3.1.0 -r ./siteconf20240109-31579-hm6nyq.rb extconf.rb
checking for rb_io_path()... no
checking for rb_io_descriptor()... yes
checking for rb_io_get_write_io()... yes
checking for rb_io_closed_p()... no
checking for rb_io_open_descriptor()... no
checking for termios.h... yes
checking for cfmakeraw() in termios.h... yes
checking for sys/ioctl.h... yes
checking for HAVE_RUBY_FIBER_SCHEDULER_H... yes
creating Makefile

current directory: /Users/ryogomacbookpro/Developer/Works/PinE/management/.bundle/ruby/3.1.0/gems/io-console-0.7.1/ext/io/console
make DESTDIR\= clean

current directory: /Users/ryogomacbookpro/Developer/Works/PinE/management/.bundle/ruby/3.1.0/gems/io-console-0.7.1/ext/io/console
make DESTDIR\=
compiling console.c
linking shared-object io/console.bundle
ld: warning: -multiply_defined is obsolete

current directory: /Users/ryogomacbookpro/Developer/Works/PinE/management/.bundle/ruby/3.1.0/gems/io-console-0.7.1/ext/io/console
make DESTDIR\= install
/usr/local/bin/ginstall -c -m 0755 console.bundle ./.gem.20240109-31579-cz4ism/io
